<?xml version="1.0" encoding="UTF-8"?>
<!-- Generated by org.testng.reporters.JUnitReportReporter -->
<testsuite skipped="0" hostname="WKWIN6962993" name="runnerFiles.RunTestNGTest" tests="1" failures="0" timestamp="2020-07-28T10:17:12 IST" time="8.924" errors="0">
  <testcase name="runScenario" time="8.924" classname="runnerFiles.RunTestNGTest"/>
  <system-out/>
</testsuite> <!-- runnerFiles.RunTestNGTest -->
